c:\users\aula 404\videos\nueva carpeta\nueva carpeta\grupo 002\grupo 004\debug\vc142.pdb
c:\users\aula 404\videos\nueva carpeta\nueva carpeta\grupo 002\grupo 004\debug\vc142.idb
c:\users\aula 404\videos\nueva carpeta\nueva carpeta\grupo 002\grupo 004\debug\source.obj
d:\grupo 002 24\grupo 004\debug\vc142.pdb
d:\grupo 002 24\grupo 004\debug\vc142.idb
d:\grupo 002 24\grupo 004\debug\source.obj
c:\users\aula 404\videos\nueva carpeta\nueva carpeta\grupo 002\debug\grupo 004.exe
c:\users\aula 404\videos\nueva carpeta\nueva carpeta\grupo 002\grupo 004\debug\grupo 004.ilk
c:\users\aula 404\videos\nueva carpeta\nueva carpeta\grupo 002\debug\grupo 004.pdb
d:\grupo 002 24\debug\grupo 004.exe
d:\grupo 002 24\grupo 004\debug\grupo 004.ilk
d:\grupo 002 24\debug\grupo 004.pdb
c:\users\aula 404\videos\nueva carpeta\nueva carpeta\grupo 002\grupo 004\debug\grupo 004.res
d:\grupo 002 24\grupo 004\debug\grupo 004.res
d:\grupo 002 24\grupo 004\debug\grupo 004.tlog\cl.command.1.tlog
d:\grupo 002 24\grupo 004\debug\grupo 004.tlog\cl.read.1.tlog
d:\grupo 002 24\grupo 004\debug\grupo 004.tlog\cl.write.1.tlog
d:\grupo 002 24\grupo 004\debug\grupo 004.tlog\link.command.1.tlog
d:\grupo 002 24\grupo 004\debug\grupo 004.tlog\link.read.1.tlog
d:\grupo 002 24\grupo 004\debug\grupo 004.tlog\link.write.1.tlog
d:\grupo 002 24\grupo 004\debug\grupo 004.tlog\rc.command.1.tlog
d:\grupo 002 24\grupo 004\debug\grupo 004.tlog\rc.read.1.tlog
d:\grupo 002 24\grupo 004\debug\grupo 004.tlog\rc.write.1.tlog
