  Avance pia 2.cpp
D:\OneDrive\OneDrive - Universidad Autonoma de Nuevo León\School stuff\Facultad\3 semestre\progra\VS\Avance pia 2\Avance pia 2.cpp(51,21): error C2664: 'HWND CreateDialogParamA(HINSTANCE,LPCSTR,HWND,DLGPROC,LPARAM)': cannot convert argument 4 from 'BOOL (__cdecl *)(HWND,UINT,WPARAM,LPARAM)' to 'DLGPROC'
D:\OneDrive\OneDrive - Universidad Autonoma de Nuevo León\School stuff\Facultad\3 semestre\progra\VS\Avance pia 2\Avance pia 2.cpp(51,21): message : None of the functions with this name in scope match the target type
C:\Program Files (x86)\Windows Kits\10\Include\10.0.19041.0\um\winuser.h(4988,1): message : see declaration of 'CreateDialogParamA'
D:\OneDrive\OneDrive - Universidad Autonoma de Nuevo León\School stuff\Facultad\3 semestre\progra\VS\Avance pia 2\Avance pia 2.cpp(64,16): warning C4244: 'return': conversion from 'WPARAM' to 'int', possible loss of data
D:\OneDrive\OneDrive - Universidad Autonoma de Nuevo León\School stuff\Facultad\3 semestre\progra\VS\Avance pia 2\Avance pia 2.cpp(120,3): error C4996: 'strcpy': This function or variable may be unsafe. Consider using strcpy_s instead. To disable deprecation, use _CRT_SECURE_NO_WARNINGS. See online help for details.
D:\OneDrive\OneDrive - Universidad Autonoma de Nuevo León\School stuff\Facultad\3 semestre\progra\VS\Avance pia 2\Avance pia 2.cpp(121,3): error C4996: 'strcpy': This function or variable may be unsafe. Consider using strcpy_s instead. To disable deprecation, use _CRT_SECURE_NO_WARNINGS. See online help for details.
D:\OneDrive\OneDrive - Universidad Autonoma de Nuevo León\School stuff\Facultad\3 semestre\progra\VS\Avance pia 2\Avance pia 2.cpp(122,3): error C4996: 'strcpy': This function or variable may be unsafe. Consider using strcpy_s instead. To disable deprecation, use _CRT_SECURE_NO_WARNINGS. See online help for details.
D:\OneDrive\OneDrive - Universidad Autonoma de Nuevo León\School stuff\Facultad\3 semestre\progra\VS\Avance pia 2\Avance pia 2.cpp(123,3): error C4996: 'strcpy': This function or variable may be unsafe. Consider using strcpy_s instead. To disable deprecation, use _CRT_SECURE_NO_WARNINGS. See online help for details.
D:\OneDrive\OneDrive - Universidad Autonoma de Nuevo León\School stuff\Facultad\3 semestre\progra\VS\Avance pia 2\Avance pia 2.cpp(124,3): error C4996: 'strcpy': This function or variable may be unsafe. Consider using strcpy_s instead. To disable deprecation, use _CRT_SECURE_NO_WARNINGS. See online help for details.
D:\OneDrive\OneDrive - Universidad Autonoma de Nuevo León\School stuff\Facultad\3 semestre\progra\VS\Avance pia 2\Avance pia 2.cpp(125,3): error C4996: 'strcpy': This function or variable may be unsafe. Consider using strcpy_s instead. To disable deprecation, use _CRT_SECURE_NO_WARNINGS. See online help for details.
D:\OneDrive\OneDrive - Universidad Autonoma de Nuevo León\School stuff\Facultad\3 semestre\progra\VS\Avance pia 2\Avance pia 2.cpp(126,3): error C4996: 'strcpy': This function or variable may be unsafe. Consider using strcpy_s instead. To disable deprecation, use _CRT_SECURE_NO_WARNINGS. See online help for details.
D:\OneDrive\OneDrive - Universidad Autonoma de Nuevo León\School stuff\Facultad\3 semestre\progra\VS\Avance pia 2\Avance pia 2.cpp(127,3): error C4996: 'strcpy': This function or variable may be unsafe. Consider using strcpy_s instead. To disable deprecation, use _CRT_SECURE_NO_WARNINGS. See online help for details.
D:\OneDrive\OneDrive - Universidad Autonoma de Nuevo León\School stuff\Facultad\3 semestre\progra\VS\Avance pia 2\Avance pia 2.cpp(128,3): error C4996: 'strcpy': This function or variable may be unsafe. Consider using strcpy_s instead. To disable deprecation, use _CRT_SECURE_NO_WARNINGS. See online help for details.
D:\OneDrive\OneDrive - Universidad Autonoma de Nuevo León\School stuff\Facultad\3 semestre\progra\VS\Avance pia 2\Avance pia 2.cpp(146,3): error C4996: 'strcpy': This function or variable may be unsafe. Consider using strcpy_s instead. To disable deprecation, use _CRT_SECURE_NO_WARNINGS. See online help for details.
D:\OneDrive\OneDrive - Universidad Autonoma de Nuevo León\School stuff\Facultad\3 semestre\progra\VS\Avance pia 2\Avance pia 2.cpp(147,3): error C4996: 'strcpy': This function or variable may be unsafe. Consider using strcpy_s instead. To disable deprecation, use _CRT_SECURE_NO_WARNINGS. See online help for details.
D:\OneDrive\OneDrive - Universidad Autonoma de Nuevo León\School stuff\Facultad\3 semestre\progra\VS\Avance pia 2\Avance pia 2.cpp(148,3): error C4996: 'strcpy': This function or variable may be unsafe. Consider using strcpy_s instead. To disable deprecation, use _CRT_SECURE_NO_WARNINGS. See online help for details.
D:\OneDrive\OneDrive - Universidad Autonoma de Nuevo León\School stuff\Facultad\3 semestre\progra\VS\Avance pia 2\Avance pia 2.cpp(149,3): error C4996: 'strcpy': This function or variable may be unsafe. Consider using strcpy_s instead. To disable deprecation, use _CRT_SECURE_NO_WARNINGS. See online help for details.
D:\OneDrive\OneDrive - Universidad Autonoma de Nuevo León\School stuff\Facultad\3 semestre\progra\VS\Avance pia 2\Avance pia 2.cpp(150,3): error C4996: 'strcpy': This function or variable may be unsafe. Consider using strcpy_s instead. To disable deprecation, use _CRT_SECURE_NO_WARNINGS. See online help for details.
D:\OneDrive\OneDrive - Universidad Autonoma de Nuevo León\School stuff\Facultad\3 semestre\progra\VS\Avance pia 2\Avance pia 2.cpp(151,3): error C4996: 'strcpy': This function or variable may be unsafe. Consider using strcpy_s instead. To disable deprecation, use _CRT_SECURE_NO_WARNINGS. See online help for details.
D:\OneDrive\OneDrive - Universidad Autonoma de Nuevo León\School stuff\Facultad\3 semestre\progra\VS\Avance pia 2\Avance pia 2.cpp(152,3): error C4996: 'strcpy': This function or variable may be unsafe. Consider using strcpy_s instead. To disable deprecation, use _CRT_SECURE_NO_WARNINGS. See online help for details.
D:\OneDrive\OneDrive - Universidad Autonoma de Nuevo León\School stuff\Facultad\3 semestre\progra\VS\Avance pia 2\Avance pia 2.cpp(153,3): error C4996: 'strcpy': This function or variable may be unsafe. Consider using strcpy_s instead. To disable deprecation, use _CRT_SECURE_NO_WARNINGS. See online help for details.
D:\OneDrive\OneDrive - Universidad Autonoma de Nuevo León\School stuff\Facultad\3 semestre\progra\VS\Avance pia 2\Avance pia 2.cpp(154,3): error C4996: 'strcpy': This function or variable may be unsafe. Consider using strcpy_s instead. To disable deprecation, use _CRT_SECURE_NO_WARNINGS. See online help for details.
